{"/home/mohamad/programming/project/translator/src/components/Header/Header.tsx": {"path":"/home/mohamad/programming/project/translator/src/components/Header/Header.tsx","statementMap":{"0":{"start":{"line":5,"column":15},"end":{"line":13,"column":1}},"1":{"start":{"line":6,"column":2},"end":{"line":12,"column":4}}},"fnMap":{"0":{"name":"(anonymous_0)","decl":{"start":{"line":5,"column":15},"end":{"line":5,"column":16}},"loc":{"start":{"line":5,"column":21},"end":{"line":13,"column":1}},"line":5}},"branchMap":{},"s":{"0":1,"1":1},"f":{"0":1},"b":{},"_coverageSchema":"1a1c01bbd47fc00a2c39e90264f33305004495a9","hash":"c8e5d31760f728f3e0bd965d0bc913388db8ebd3"}
,"/home/mohamad/programming/project/translator/src/components/History/History.tsx": {"path":"/home/mohamad/programming/project/translator/src/components/History/History.tsx","statementMap":{"0":{"start":{"line":8,"column":16},"end":{"line":39,"column":1}},"1":{"start":{"line":14,"column":30},"end":{"line":14,"column":77}},"2":{"start":{"line":14,"column":60},"end":{"line":14,"column":76}},"3":{"start":{"line":16,"column":2},"end":{"line":38,"column":4}},"4":{"start":{"line":29,"column":16},"end":{"line":32,"column":21}}},"fnMap":{"0":{"name":"(anonymous_0)","decl":{"start":{"line":8,"column":16},"end":{"line":8,"column":17}},"loc":{"start":{"line":8,"column":22},"end":{"line":39,"column":1}},"line":8},"1":{"name":"(anonymous_1)","decl":{"start":{"line":14,"column":42},"end":{"line":14,"column":43}},"loc":{"start":{"line":14,"column":60},"end":{"line":14,"column":76}},"line":14},"2":{"name":"(anonymous_2)","decl":{"start":{"line":28,"column":26},"end":{"line":28,"column":27}},"loc":{"start":{"line":29,"column":16},"end":{"line":32,"column":21}},"line":29}},"branchMap":{"0":{"loc":{"start":{"line":27,"column":11},"end":{"line":34,"column":18}},"type":"cond-expr","locations":[{"start":{"line":28,"column":14},"end":{"line":33,"column":16}},{"start":{"line":34,"column":14},"end":{"line":34,"column":18}}],"line":27}},"s":{"0":1,"1":2,"2":4,"3":2,"4":0},"f":{"0":2,"1":4,"2":0},"b":{"0":[0,2]},"_coverageSchema":"1a1c01bbd47fc00a2c39e90264f33305004495a9","hash":"2700afdf5b522fb1bd05400194d632d196944f07"}
,"/home/mohamad/programming/project/translator/src/components/input/Input.tsx": {"path":"/home/mohamad/programming/project/translator/src/components/input/Input.tsx","statementMap":{"0":{"start":{"line":10,"column":14},"end":{"line":68,"column":1}},"1":{"start":{"line":11,"column":38},"end":{"line":11,"column":50}},"2":{"start":{"line":13,"column":19},"end":{"line":13,"column":32}},"3":{"start":{"line":14,"column":27},"end":{"line":14,"column":63}},"4":{"start":{"line":14,"column":57},"end":{"line":14,"column":62}},"5":{"start":{"line":16,"column":19},"end":{"line":21,"column":3}},"6":{"start":{"line":17,"column":4},"end":{"line":17,"column":34}},"7":{"start":{"line":18,"column":4},"end":{"line":20,"column":5}},"8":{"start":{"line":19,"column":6},"end":{"line":19,"column":42}},"9":{"start":{"line":23,"column":17},"end":{"line":31,"column":3}},"10":{"start":{"line":24,"column":4},"end":{"line":29,"column":6}},"11":{"start":{"line":30,"column":4},"end":{"line":30,"column":22}},"12":{"start":{"line":33,"column":2},"end":{"line":67,"column":4}},"13":{"start":{"line":40,"column":27},"end":{"line":40,"column":38}}},"fnMap":{"0":{"name":"(anonymous_0)","decl":{"start":{"line":10,"column":14},"end":{"line":10,"column":15}},"loc":{"start":{"line":10,"column":20},"end":{"line":68,"column":1}},"line":10},"1":{"name":"(anonymous_1)","decl":{"start":{"line":14,"column":39},"end":{"line":14,"column":40}},"loc":{"start":{"line":14,"column":57},"end":{"line":14,"column":62}},"line":14},"2":{"name":"(anonymous_2)","decl":{"start":{"line":16,"column":19},"end":{"line":16,"column":20}},"loc":{"start":{"line":16,"column":31},"end":{"line":21,"column":3}},"line":16},"3":{"name":"(anonymous_3)","decl":{"start":{"line":23,"column":17},"end":{"line":23,"column":18}},"loc":{"start":{"line":23,"column":23},"end":{"line":31,"column":3}},"line":23},"4":{"name":"(anonymous_4)","decl":{"start":{"line":40,"column":20},"end":{"line":40,"column":21}},"loc":{"start":{"line":40,"column":27},"end":{"line":40,"column":38}},"line":40}},"branchMap":{"0":{"loc":{"start":{"line":18,"column":4},"end":{"line":20,"column":5}},"type":"if","locations":[{"start":{"line":18,"column":4},"end":{"line":20,"column":5}},{"start":{"line":18,"column":4},"end":{"line":20,"column":5}}],"line":18},"1":{"loc":{"start":{"line":47,"column":13},"end":{"line":53,"column":13}},"type":"cond-expr","locations":[{"start":{"line":48,"column":14},"end":{"line":48,"column":29}},{"start":{"line":50,"column":14},"end":{"line":52,"column":21}}],"line":47}},"s":{"0":1,"1":4,"2":3,"3":3,"4":6,"5":3,"6":0,"7":0,"8":0,"9":3,"10":0,"11":0,"12":3,"13":0},"f":{"0":4,"1":6,"2":0,"3":0,"4":0},"b":{"0":[0,0],"1":[0,3]},"_coverageSchema":"1a1c01bbd47fc00a2c39e90264f33305004495a9","hash":"35d4cff76ac06e27a355c17b549b7bd1b032a5a7"}
,"/home/mohamad/programming/project/translator/src/redux/action/history.ts": {"path":"/home/mohamad/programming/project/translator/src/redux/action/history.ts","statementMap":{"0":{"start":{"line":7,"column":26},"end":{"line":22,"column":1}},"1":{"start":{"line":8,"column":2},"end":{"line":21,"column":4}},"2":{"start":{"line":9,"column":22},"end":{"line":9,"column":49}},"3":{"start":{"line":10,"column":4},"end":{"line":20,"column":5}},"4":{"start":{"line":11,"column":6},"end":{"line":14,"column":9}},"5":{"start":{"line":16,"column":6},"end":{"line":19,"column":9}}},"fnMap":{"0":{"name":"(anonymous_0)","decl":{"start":{"line":7,"column":26},"end":{"line":7,"column":27}},"loc":{"start":{"line":7,"column":36},"end":{"line":22,"column":1}},"line":7},"1":{"name":"(anonymous_1)","decl":{"start":{"line":8,"column":9},"end":{"line":8,"column":10}},"loc":{"start":{"line":8,"column":47},"end":{"line":21,"column":3}},"line":8}},"branchMap":{"0":{"loc":{"start":{"line":10,"column":4},"end":{"line":20,"column":5}},"type":"if","locations":[{"start":{"line":10,"column":4},"end":{"line":20,"column":5}},{"start":{"line":10,"column":4},"end":{"line":20,"column":5}}],"line":10}},"s":{"0":1,"1":0,"2":0,"3":0,"4":0,"5":0},"f":{"0":0,"1":0},"b":{"0":[0,0]},"_coverageSchema":"1a1c01bbd47fc00a2c39e90264f33305004495a9","hash":"3fba3eb569d546523ccae79597b2168ccac34469"}
,"/home/mohamad/programming/project/translator/src/redux/action/input.ts": {"path":"/home/mohamad/programming/project/translator/src/redux/action/input.ts","statementMap":{"0":{"start":{"line":8,"column":29},"end":{"line":28,"column":1}},"1":{"start":{"line":9,"column":2},"end":{"line":27,"column":4}},"2":{"start":{"line":10,"column":4},"end":{"line":26,"column":7}},"3":{"start":{"line":22,"column":6},"end":{"line":25,"column":9}}},"fnMap":{"0":{"name":"(anonymous_0)","decl":{"start":{"line":8,"column":29},"end":{"line":8,"column":30}},"loc":{"start":{"line":8,"column":47},"end":{"line":28,"column":1}},"line":8},"1":{"name":"(anonymous_1)","decl":{"start":{"line":9,"column":9},"end":{"line":9,"column":10}},"loc":{"start":{"line":9,"column":47},"end":{"line":27,"column":3}},"line":9},"2":{"name":"(anonymous_2)","decl":{"start":{"line":21,"column":12},"end":{"line":21,"column":13}},"loc":{"start":{"line":21,"column":21},"end":{"line":26,"column":5}},"line":21}},"branchMap":{},"s":{"0":2,"1":2,"2":2,"3":2},"f":{"0":2,"1":2,"2":2},"b":{},"_coverageSchema":"1a1c01bbd47fc00a2c39e90264f33305004495a9","hash":"27937221e8219661ca25bd943571d62cabcd7d16"}
,"/home/mohamad/programming/project/translator/src/redux/action-types/index.ts": {"path":"/home/mohamad/programming/project/translator/src/redux/action-types/index.ts","statementMap":{},"fnMap":{},"branchMap":{},"s":{},"f":{},"b":{},"_coverageSchema":"1a1c01bbd47fc00a2c39e90264f33305004495a9","hash":"8c41fe969a65e84b40271e63e456feb4d0ef22b0"}
,"/home/mohamad/programming/project/translator/src/redux/reducers/getHistory.ts": {"path":"/home/mohamad/programming/project/translator/src/redux/reducers/getHistory.ts","statementMap":{"0":{"start":{"line":4,"column":33},"end":{"line":11,"column":1}},"1":{"start":{"line":5,"column":2},"end":{"line":10,"column":3}},"2":{"start":{"line":7,"column":6},"end":{"line":7,"column":33}},"3":{"start":{"line":9,"column":6},"end":{"line":9,"column":19}}},"fnMap":{"0":{"name":"(anonymous_0)","decl":{"start":{"line":4,"column":33},"end":{"line":4,"column":34}},"loc":{"start":{"line":4,"column":65},"end":{"line":11,"column":1}},"line":4}},"branchMap":{"0":{"loc":{"start":{"line":4,"column":34},"end":{"line":4,"column":44}},"type":"default-arg","locations":[{"start":{"line":4,"column":42},"end":{"line":4,"column":44}}],"line":4},"1":{"loc":{"start":{"line":5,"column":2},"end":{"line":10,"column":3}},"type":"switch","locations":[{"start":{"line":6,"column":4},"end":{"line":7,"column":33}},{"start":{"line":8,"column":4},"end":{"line":9,"column":19}}],"line":5}},"s":{"0":3,"1":12,"2":2,"3":10},"f":{"0":12},"b":{"0":[8],"1":[2,10]},"_coverageSchema":"1a1c01bbd47fc00a2c39e90264f33305004495a9","hash":"d0cc1c0b8ae78f43b6bbd8d256135667e6b7faec"}
,"/home/mohamad/programming/project/translator/src/redux/reducers/index.ts": {"path":"/home/mohamad/programming/project/translator/src/redux/reducers/index.ts","statementMap":{"0":{"start":{"line":6,"column":17},"end":{"line":9,"column":2}}},"fnMap":{},"branchMap":{},"s":{"0":2},"f":{},"b":{},"_coverageSchema":"1a1c01bbd47fc00a2c39e90264f33305004495a9","hash":"8302cf51c5364157d5e8109fcdf975a049e5bd50"}
,"/home/mohamad/programming/project/translator/src/redux/reducers/inputManagerReducer.ts": {"path":"/home/mohamad/programming/project/translator/src/redux/reducers/inputManagerReducer.ts","statementMap":{"0":{"start":{"line":4,"column":35},"end":{"line":11,"column":1}},"1":{"start":{"line":5,"column":2},"end":{"line":10,"column":3}},"2":{"start":{"line":7,"column":6},"end":{"line":7,"column":30}},"3":{"start":{"line":9,"column":6},"end":{"line":9,"column":19}}},"fnMap":{"0":{"name":"(anonymous_0)","decl":{"start":{"line":4,"column":35},"end":{"line":4,"column":36}},"loc":{"start":{"line":4,"column":67},"end":{"line":11,"column":1}},"line":4}},"branchMap":{"0":{"loc":{"start":{"line":4,"column":36},"end":{"line":4,"column":46}},"type":"default-arg","locations":[{"start":{"line":4,"column":44},"end":{"line":4,"column":46}}],"line":4},"1":{"loc":{"start":{"line":5,"column":2},"end":{"line":10,"column":3}},"type":"switch","locations":[{"start":{"line":6,"column":4},"end":{"line":7,"column":30}},{"start":{"line":8,"column":4},"end":{"line":9,"column":19}}],"line":5}},"s":{"0":3,"1":11,"2":1,"3":10},"f":{"0":11},"b":{"0":[7],"1":[1,10]},"_coverageSchema":"1a1c01bbd47fc00a2c39e90264f33305004495a9","hash":"13fee775426901641b2d056f8c06912647866fd2"}
,"/home/mohamad/programming/project/translator/src/redux/store/store.ts": {"path":"/home/mohamad/programming/project/translator/src/redux/store/store.ts","statementMap":{"0":{"start":{"line":8,"column":22},"end":{"line":11,"column":1}},"1":{"start":{"line":13,"column":25},"end":{"line":13,"column":64}},"2":{"start":{"line":15,"column":26},"end":{"line":15,"column":79}},"3":{"start":{"line":16,"column":23},"end":{"line":16,"column":42}}},"fnMap":{},"branchMap":{},"s":{"0":2,"1":2,"2":2,"3":2},"f":{},"b":{},"_coverageSchema":"1a1c01bbd47fc00a2c39e90264f33305004495a9","hash":"26f0303d5570353e7dab538225dc3f16ab6ad11a"}
,"/home/mohamad/programming/project/translator/src/services/httpConfig.ts": {"path":"/home/mohamad/programming/project/translator/src/services/httpConfig.ts","statementMap":{"0":{"start":{"line":3,"column":19},"end":{"line":3,"column":69}},"1":{"start":{"line":4,"column":23},"end":{"line":9,"column":1}},"2":{"start":{"line":11,"column":23},"end":{"line":16,"column":1}}},"fnMap":{},"branchMap":{},"s":{"0":2,"1":2,"2":2},"f":{},"b":{},"_coverageSchema":"1a1c01bbd47fc00a2c39e90264f33305004495a9","hash":"2101e84fe4b8bbfe8755e262359a457d7c81b334"}
}
